[15:02:42] [ServerMain/INFO]: Building unoptimized datafixer
[15:02:44] [ServerMain/INFO]: Environment: authHost='https://authserver.mojang.com', accountsHost='https://api.mojang.com', sessionHost='https://sessionserver.mojang.com', servicesHost='https://api.minecraftservices.com', name='PROD'
[15:02:47] [ServerMain/INFO]: Loaded 7 recipes
[15:02:49] [Server thread/INFO]: Starting minecraft server version 1.19
[15:02:49] [Server thread/INFO]: Loading properties
[15:02:49] [Server thread/INFO]: This server is running Paper version git-Paper-81 (MC: 1.19) (Implementing API version 1.19-R0.1-SNAPSHOT) (Git: 86f87ba)
[15:02:49] [Server thread/INFO]: Server Ping Player Sample Count: 12
[15:02:49] [Server thread/INFO]: Using 4 threads for Netty based IO
[15:02:50] [Server thread/INFO]: Default game type: SURVIVAL
[15:02:50] [Server thread/INFO]: Generating keypair
[15:02:50] [Server thread/INFO]: Starting Minecraft server on *:25565
[15:02:50] [Server thread/INFO]: Using epoll channel type
[15:02:50] [Server thread/INFO]: Paper: Using libdeflate (Linux x86_64) compression from Velocity.
[15:02:50] [Server thread/INFO]: Paper: Using OpenSSL 1.1.x (Linux x86_64) cipher from Velocity.
[15:02:51] [Server thread/ERROR]: Could not load 'plugins/ExcellentCrates-5.3.5.jar' in folder 'plugins'
org.bukkit.plugin.UnknownDependencyException: Unknown/missing dependency plugins: [nightcore]. Please download and install these plugins to run 'ExcellentCrates'.
	at org.bukkit.plugin.SimplePluginManager.loadPlugins(SimplePluginManager.java:287) ~[paper-api-1.19-R0.1-SNAPSHOT.jar:?]
	at org.bukkit.craftbukkit.v1_19_R1.CraftServer.loadPlugins(CraftServer.java:421) ~[paper-1.19.jar:git-Paper-81]
	at net.minecraft.server.dedicated.DedicatedServer.initServer(DedicatedServer.java:278) ~[paper-1.19.jar:git-Paper-81]
	at net.minecraft.server.MinecraftServer.runServer(MinecraftServer.java:1122) ~[paper-1.19.jar:git-Paper-81]
	at net.minecraft.server.MinecraftServer.lambda$spin$0(MinecraftServer.java:303) ~[paper-1.19.jar:git-Paper-81]
	at java.lang.Thread.run(Thread.java:840) ~[?:?]
[15:02:51] [Server thread/ERROR]: [STDERR] [org.bukkit.craftbukkit.v1_19_R1.legacy.CraftLegacy] Initializing Legacy Material Support. Unless you have legacy plugins and/or data this is a bug!
[15:02:57] [Server thread/WARN]: Legacy plugin SimpleHomes v2.0.4 does not specify an api-version.
[15:02:57] [Server thread/INFO]: [SimpleTpa] Loading SimpleTpa v7.4
[15:02:57] [Server thread/INFO]: [WorldEdit] Loading WorldEdit v7.3.0-beta-02+e11f161
[15:02:58] [Server thread/INFO]: Got request to register class com.sk89q.worldedit.bukkit.BukkitServerInterface with WorldEdit [com.sk89q.worldedit.extension.platform.PlatformManager@1cf12d8d]
[15:02:58] [Server thread/INFO]: [SkinsRestorer] Loading SkinsRestorer v15.5.1
[15:02:58] [Server thread/INFO]: [CombatLog] Loading CombatLog v1.1.1
[15:02:58] [Server thread/INFO]: [MinerTrack] Loading MinerTrack v1.6.5
[15:02:58] [Server thread/INFO]: [SimpleHomes] Loading SimpleHomes v2.0.4
[15:02:58] [Server thread/INFO]: [CratesPlusReloaded] Loading CratesPlusReloaded v4.1-SNAPSHOT
[15:02:58] [Server thread/INFO]: [WorldGuard] Loading WorldGuard v7.0.8+33cdb4a
[15:02:58] [Server thread/INFO]: [CoreProtect] Loading CoreProtect v22.4
[15:02:58] [Server thread/INFO]: [LifeStealZ] Loading LifeStealZ v2.9.2
[15:02:58] [Server thread/INFO]: [LifeStealZ] Loading LifeStealZ...
[15:02:58] [Server thread/INFO]: [LifeStealZ] WorldGuard found! Enabling WorldGuard support...
[15:02:58] [Server thread/INFO]: [LifeStealZ] WorldGuard found! Enabled WorldGuard support!
[15:02:58] [Server thread/INFO]: [Shopkeepers] Loading Shopkeepers v2.19.0
[15:02:59] [Server thread/INFO]: [Shopkeepers] Loaded all plugin classes (429 ms).
[15:02:59] [Server thread/INFO]: [Shopkeepers] Loading config.
[15:02:59] [Server thread/WARN]: [Shopkeepers] Config: Invalid living entity type name in 'enabled-living-shops': CAMEL
[15:02:59] [Server thread/WARN]: [Shopkeepers] Config: Invalid living entity type name in 'enabled-living-shops': SNIFFER
[15:02:59] [Server thread/WARN]: [Shopkeepers] Config: All existing entity type names can be found here: https://hub.spigotmc.org/javadocs/spigot/org/bukkit/entity/EntityType.html
[15:02:59] [Server thread/INFO]: [Shopkeepers] Loading language file: language-en-default.yml
[15:02:59] [Server thread/WARN]: [Shopkeepers] Config: Invalid living entity type name in 'enabled-living-shops': CAMEL
[15:02:59] [Server thread/WARN]: [Shopkeepers] Config: Invalid living entity type name in 'enabled-living-shops': SNIFFER
[15:02:59] [Server thread/WARN]: [Shopkeepers] Config: All existing entity type names can be found here: https://hub.spigotmc.org/javadocs/spigot/org/bukkit/entity/EntityType.html
[15:02:59] [Server thread/INFO]: [Shopkeepers] Registering WorldGuard flag 'allow-shop'.
[15:02:59] [Server thread/INFO]: [Shopkeepers] Registering defaults.
[15:02:59] [Server thread/INFO]: [GSit] Loading GSit v1.13.0
[15:02:59] [Server thread/INFO]: Server permissions file permissions.yml is empty, ignoring it
[15:02:59] [Server thread/INFO]: [WorldEdit] Enabling WorldEdit v7.3.0-beta-02+e11f161
[15:02:59] [Server thread/INFO]: Registering commands with com.sk89q.worldedit.bukkit.BukkitServerInterface
[15:03:00] [Server thread/INFO]: WEPIF: Using the Bukkit Permissions API.
[15:03:00] [Server thread/WARN]: 
**********************************************
** This WorldEdit version does not fully support your version of Bukkit.
**
** When working with blocks or undoing, chests will be empty, signs
** will be blank, and so on. There will be no support for entity
** and block property-related functions.
**
** Please see https://worldedit.enginehub.org/en/latest/faq/#bukkit-adapters
**********************************************

[15:03:00] [Server thread/INFO]: [SkinsRestorer] Enabling SkinsRestorer v15.5.1
[15:03:01] [Server thread/WARN]: [33;1m[[32;22mSkinsRestorer[33;1m] [0;39m[33;1mYou must agree to the rules at 'commands.perSkinPermissionsConsent' in the config to use per skin permissions.[0;39m
[15:03:01] [Server thread/INFO]: [33;1m[[32;22mSkinsRestorer[33;1m] [0;39m[32;1mRunning on Minecraft [33;1m1.19.0[32;1m.[0;39m
[15:03:01] [Server thread/INFO]: [33;1m[[32;22mSkinsRestorer[33;1m] [0;39mUsing paper join listener![0;39m
[15:03:01] [Server thread/WARN]: [33;1m[[32;22mSkinsRestorer[33;1m] [0;39m[33;1m[33;1mPlease update your Java runtime to at least Java 21 (your version is 17).[0;39m
[15:03:01] [Server thread/WARN]: [33;1m[[32;22mSkinsRestorer[33;1m] [0;39m[33;1m[33;1mAt some point in the future, SkinsRestorer will no longer be compatible with this version of Java.[0;39m
[15:03:02] [Server thread/WARN]: **** SERVER IS RUNNING IN OFFLINE/INSECURE MODE!
[15:03:02] [Server thread/WARN]: The server will make no attempt to authenticate usernames. Beware.
[15:03:02] [Server thread/WARN]: While this makes the game possible to play without internet access, it also opens up the ability for hackers to connect with any username they choose.
[15:03:02] [Server thread/WARN]: To change this, set "online-mode" to "true" in the server.properties file.
[15:03:02] [Server thread/INFO]: Preparing level "world"
[15:03:15] [Server thread/INFO]: Preparing start region for dimension minecraft:overworld
[15:03:16] [Server thread/INFO]: Preparing spawn area: 0%
[15:03:17] [Server thread/INFO]: Preparing spawn area: 0%
[15:03:17] [Server thread/INFO]: Preparing spawn area: 0%
[15:03:17] [Server thread/INFO]: Preparing spawn area: 0%
[15:03:17] [Server thread/INFO]: Preparing spawn area: 0%
[15:03:18] [Server thread/INFO]: Preparing spawn area: 0%
[15:03:18] [Server thread/INFO]: Preparing spawn area: 0%
[15:03:19] [Server thread/INFO]: Time elapsed: 3391 ms
[15:03:19] [Server thread/INFO]: Preparing start region for dimension minecraft:the_nether
[15:03:19] [Server thread/INFO]: Preparing spawn area: 0%
[15:03:19] [Server thread/INFO]: Preparing spawn area: 0%
[15:03:20] [Server thread/INFO]: Preparing spawn area: 0%
[15:03:20] [Server thread/INFO]: Preparing spawn area: 0%
[15:03:21] [Server thread/INFO]: Preparing spawn area: 0%
[15:03:21] [Server thread/INFO]: Time elapsed: 2330 ms
[15:03:21] [Server thread/INFO]: Preparing start region for dimension minecraft:the_end
[15:03:21] [Server thread/INFO]: Preparing spawn area: 0%
[15:03:22] [Server thread/INFO]: Preparing spawn area: 0%
[15:03:22] [Server thread/INFO]: Preparing spawn area: 0%
[15:03:22] [Server thread/INFO]: Time elapsed: 1324 ms
[15:03:22] [Server thread/INFO]: [SimpleTpa] Enabling SimpleTpa v7.4
[15:03:22] [Server thread/INFO]: [SimpleTpa] If you need support contact me at https://discord.gg/SZUkza9
[15:03:22] [Server thread/INFO]: [SimpleTpa] Simple Tpa has been enabled on version 7.4
[15:03:22] [Server thread/INFO]: Enabled metrics. You may opt-out by changing plugins/bStats/config.yml
[15:03:22] [Server thread/INFO]: [CombatLog] Enabling CombatLog v1.1.1
[15:03:22] [Server thread/INFO]: [MinerTrack] Enabling MinerTrack v1.6.5
[15:03:22] [Server thread/WARN]: [MinerTrack] Failed to schedule task on Spigot: org.bukkit.craftbukkit.v1_19_R1.scheduler.CraftScheduler.runTaskTimer(java.lang.Runnable,long,long)
[15:03:22] [Server thread/WARN]: java.lang.NoSuchMethodException: org.bukkit.craftbukkit.v1_19_R1.scheduler.CraftScheduler.runTaskTimer(java.lang.Runnable,long,long)
[15:03:22] [Server thread/WARN]: 	at java.base/java.lang.Class.getMethod(Class.java:2227)
[15:03:22] [Server thread/WARN]: 	at MinerTrack-1.6.5.jar//link.star_dust.MinerTrack.managers.ViolationManager.<init>(ViolationManager.java:70)
[15:03:22] [Server thread/WARN]: 	at MinerTrack-1.6.5.jar//link.star_dust.MinerTrack.MinerTrack.onEnable(MinerTrack.java:62)
[15:03:22] [Server thread/WARN]: 	at org.bukkit.plugin.java.JavaPlugin.setEnabled(JavaPlugin.java:264)
[15:03:22] [Server thread/WARN]: 	at org.bukkit.plugin.java.JavaPluginLoader.enablePlugin(JavaPluginLoader.java:370)
[15:03:22] [Server thread/WARN]: 	at org.bukkit.plugin.SimplePluginManager.enablePlugin(SimplePluginManager.java:542)
[15:03:22] [Server thread/WARN]: 	at org.bukkit.craftbukkit.v1_19_R1.CraftServer.enablePlugin(CraftServer.java:563)
[15:03:22] [Server thread/WARN]: 	at org.bukkit.craftbukkit.v1_19_R1.CraftServer.enablePlugins(CraftServer.java:477)
[15:03:22] [Server thread/WARN]: 	at net.minecraft.server.MinecraftServer.loadWorld0(MinecraftServer.java:634)
[15:03:22] [Server thread/WARN]: 	at net.minecraft.server.MinecraftServer.loadLevel(MinecraftServer.java:420)
[15:03:22] [Server thread/WARN]: 	at net.minecraft.server.dedicated.DedicatedServer.e(DedicatedServer.java:306)
[15:03:22] [Server thread/WARN]: 	at net.minecraft.server.MinecraftServer.v(MinecraftServer.java:1122)
[15:03:22] [Server thread/WARN]: 	at net.minecraft.server.MinecraftServer.lambda$spin$0(MinecraftServer.java:303)
[15:03:22] [Server thread/WARN]: 	at java.base/java.lang.Thread.run(Thread.java:840)
[15:03:23] [Server thread/ERROR]: [MinerTrack] Plugin MinerTrack v1.6.5 has failed to register events for class link.star_dust.MinerTrack.listeners.MiningListener because io/papermc/paper/threadedregions/scheduler/ScheduledTask does not exist.
[15:03:23] [Server thread/INFO]: ----[MinerTrack v1.6.5 ]-----------
[15:03:23] [Server thread/INFO]: MinerTrack Anti-XRay Enabled!
[15:03:23] [Server thread/INFO]: 
[15:03:23] [Server thread/INFO]: Authors: Author87668
[15:03:23] [Server thread/INFO]: Original Author: Author87668
[15:03:23] [Server thread/INFO]: Contributors: Author87668
[15:03:23] [Server thread/INFO]: 
[15:03:23] [Server thread/INFO]: Thanks for your use!
[15:03:23] [Server thread/INFO]: -----------------------------------------
[15:03:23] [Server thread/INFO]: [MinerTrack] You are using the latest version.
[15:03:23] [Server thread/INFO]: [SimpleHomes] Enabling SimpleHomes v2.0.4*
[15:03:23] [Server thread/INFO]: [SimpleHomes] AutoUpdater Enabled: Notify
[15:03:24] [Server thread/INFO]: [SimpleHomes] No update found.
[15:03:24] [Server thread/INFO]: [SimpleHomes] SimpleHomes Enabled!
[15:03:24] [Server thread/INFO]: [CratesPlusReloaded] Enabling CratesPlusReloaded v4.1-SNAPSHOT
[15:03:24] [Server thread/INFO]: [WorldGuard] Enabling WorldGuard v7.0.8+33cdb4a
[15:03:24] [Server thread/ERROR]: No TreeType mapping for TreeGenerator.TreeType.CHERRY
[15:03:24] [Server thread/INFO]: [WorldGuard] (world) TNT ignition is PERMITTED.
[15:03:24] [Server thread/INFO]: [WorldGuard] (world) Lighters are PERMITTED.
[15:03:24] [Server thread/INFO]: [WorldGuard] (world) Lava fire is PERMITTED.
[15:03:24] [Server thread/INFO]: [WorldGuard] (world) Fire spread is UNRESTRICTED.
[15:03:24] [Server thread/INFO]: [WorldGuard] Loaded configuration for world 'world'
[15:03:24] [Server thread/INFO]: [WorldGuard] (world_nether) TNT ignition is PERMITTED.
[15:03:24] [Server thread/INFO]: [WorldGuard] (world_nether) Lighters are PERMITTED.
[15:03:24] [Server thread/INFO]: [WorldGuard] (world_nether) Lava fire is PERMITTED.
[15:03:24] [Server thread/INFO]: [WorldGuard] (world_nether) Fire spread is UNRESTRICTED.
[15:03:24] [Server thread/INFO]: [WorldGuard] Loaded configuration for world 'world_nether'
[15:03:24] [Server thread/INFO]: [WorldGuard] (world_the_end) TNT ignition is PERMITTED.
[15:03:24] [Server thread/INFO]: [WorldGuard] (world_the_end) Lighters are PERMITTED.
[15:03:24] [Server thread/INFO]: [WorldGuard] (world_the_end) Lava fire is PERMITTED.
[15:03:24] [Server thread/INFO]: [WorldGuard] (world_the_end) Fire spread is UNRESTRICTED.
[15:03:24] [Server thread/INFO]: [WorldGuard] Loaded configuration for world 'world_the_end'
[15:03:24] [Server thread/INFO]: [WorldGuard] Loading region data...
[15:03:24] [Server thread/INFO]: [CoreProtect] Enabling CoreProtect v22.4
[15:03:24] [Server thread/INFO]: [CoreProtect] CoreProtect has been successfully enabled! 
[15:03:24] [Server thread/INFO]: [CoreProtect] Using SQLite for data storage.
[15:03:24] [Server thread/INFO]: --------------------
[15:03:24] [Server thread/INFO]: [CoreProtect] Enjoy CoreProtect? Join our Discord!
[15:03:24] [Server thread/INFO]: [CoreProtect] Discord: www.coreprotect.net/discord/
[15:03:24] [Server thread/INFO]: --------------------
[15:03:24] [Server thread/INFO]: [LifeStealZ] Enabling LifeStealZ v2.9.2
[15:03:24] [Server thread/INFO]: [LifeStealZ] Using language file: plugins/LifeStealZ/lang/en-US.yml
[15:03:24] [Server thread/INFO]: [LifeStealZ] Using SQLite storage
[15:03:25] [Server thread/ERROR]: [LifeStealZ] Plugin LifeStealZ v2.9.2 has failed to register events for class org.strassburger.lifestealz.listeners.PrepareGrindstone because org/bukkit/event/inventory/PrepareGrindstoneEvent does not exist.
[15:03:25] [Server thread/INFO]: [LifeStealZ] LifeStealZ enabled!
[15:03:25] [Server thread/INFO]: [Shopkeepers] Enabling Shopkeepers v2.19.0
[15:03:25] [Server thread/INFO]: [Shopkeepers] Loading the data of 3 shopkeepers ...
[15:03:25] [Server thread/INFO]: [GSit] Enabling GSit v1.13.0
[15:03:25] [Server thread/INFO]: [GSit] The plugin was successfully enabled.
[15:03:25] [Server thread/INFO]: [GSit] Link with WorldGuard successful!
[15:03:25] [Server thread/INFO]: Running delayed init tasks
[15:03:25] [Server thread/INFO]: [CoreProtect] WorldEdit logging successfully initialized.
[15:03:25] [Server thread/INFO]: Done (36.048s)! For help, type "help"
[15:03:25] [Server thread/INFO]: Timings Reset
[15:03:25] [Craft Scheduler Thread - 5 - SkinsRestorer/INFO]: [33;1m[[32;22mSkinsRestorer[33;1m] [0;39m[32;1m----------------------------------------------[0;39m
[15:03:25] [Craft Scheduler Thread - 5 - SkinsRestorer/INFO]: [33;1m[[32;22mSkinsRestorer[33;1m] [0;39m[32;1m    +==================+[0;39m
[15:03:25] [Craft Scheduler Thread - 5 - SkinsRestorer/INFO]: [33;1m[[32;22mSkinsRestorer[33;1m] [0;39m[32;1m    |   SkinsRestorer  |[0;39m
[15:03:25] [Craft Scheduler Thread - 5 - SkinsRestorer/INFO]: [33;1m[[32;22mSkinsRestorer[33;1m] [0;39m[32;1m    |------------------|[0;39m
[15:03:25] [Craft Scheduler Thread - 5 - SkinsRestorer/INFO]: [33;1m[[32;22mSkinsRestorer[33;1m] [0;39m[32;1m    |  [34;1m[4m[21mStandalone Mode[0;39m[32;1m |[0;39m
[15:03:25] [Craft Scheduler Thread - 5 - SkinsRestorer/INFO]: [33;1m[[32;22mSkinsRestorer[33;1m] [0;39m[32;1m    +==================+[0;39m
[15:03:25] [Craft Scheduler Thread - 5 - SkinsRestorer/INFO]: [33;1m[[32;22mSkinsRestorer[33;1m] [0;39m[32;1m----------------------------------------------[0;39m
[15:03:25] [Craft Scheduler Thread - 5 - SkinsRestorer/INFO]: [33;1m[[32;22mSkinsRestorer[33;1m] [0;39m[36;1m    Version: [32;1m15.5.1[0;39m
[15:03:25] [Craft Scheduler Thread - 5 - SkinsRestorer/INFO]: [33;1m[[32;22mSkinsRestorer[33;1m] [0;39m[36;1m    Commit: [32;1md5d8613[0;39m
[15:03:25] [Craft Scheduler Thread - 5 - SkinsRestorer/INFO]: [33;1m[[32;22mSkinsRestorer[33;1m] [0;39m[32;1m    This is the latest version![0;39m
[15:03:25] [Craft Scheduler Thread - 5 - SkinsRestorer/INFO]: [33;1m[[32;22mSkinsRestorer[33;1m] [0;39m[32;1m----------------------------------------------[0;39m
[15:03:25] [Craft Scheduler Thread - 5 - SkinsRestorer/INFO]: [33;1m[[32;22mSkinsRestorer[33;1m] [0;39m[34;1mDo you have issues? Read our troubleshooting guide: [33;1mhttps://skinsrestorer.net/docs/troubleshooting[0;39m
[15:03:25] [Craft Scheduler Thread - 5 - SkinsRestorer/INFO]: [33;1m[[32;22mSkinsRestorer[33;1m] [0;39m[34;1mWant to support SkinsRestorer? Consider donating: [33;1mhttps://skinsrestorer.net/donate[0;39m
[15:03:51] [User Authenticator #1/INFO]: UUID of player SoySander is 2fdec197-58fd-3a92-a8c9-336e26aeae55
[15:03:51] [Server thread/INFO]: SoySander joined the game
[15:03:51] [Server thread/INFO]: SoySander[/127.251.247.108:59281] logged in with entity id 159 at ([world]-2045.0601988070794, 75.0, 1694.7051488221507)
[15:03:59] [Server thread/INFO]: SoySander issued server command: /gamemode spectator
[15:03:59] [Server thread/INFO]: [SoySander: Set own game mode to Spectator Mode]
[15:04:01] [Server thread/INFO]: SoySander issued server command: /gamemode survival
[15:04:01] [Server thread/INFO]: [SoySander: Set own game mode to Survival Mode]
[15:04:05] [Server thread/INFO]: SoySander issued server command: /plugins
[15:04:52] [Server thread/INFO]: SoySander issued server command: /gamemode creative
[15:04:52] [Server thread/INFO]: [SoySander: Set own game mode to Creative Mode]
[15:05:12] [Server thread/INFO]: SoySander issued server command: /gamemode spectator
[15:05:12] [Server thread/INFO]: [SoySander: Set own game mode to Spectator Mode]
[15:05:14] [Server thread/INFO]: SoySander issued server command: /gamemode survival
[15:05:14] [Server thread/INFO]: [SoySander: Set own game mode to Survival Mode]
[15:07:19] [Server thread/INFO]: SoySander issued server command: /gamemode creative
[15:07:19] [Server thread/INFO]: [SoySander: Set own game mode to Creative Mode]
[15:07:23] [Server thread/INFO]: SoySander issued server command: /gamemode survival
[15:07:23] [Server thread/INFO]: [SoySander: Set own game mode to Survival Mode]
[15:07:27] [Server thread/INFO]: SoySander issued server command: /gamemode creative
[15:07:27] [Server thread/INFO]: [SoySander: Set own game mode to Creative Mode]
[15:07:29] [Server thread/INFO]: SoySander issued server command: /gamemode survival
[15:07:29] [Server thread/INFO]: [SoySander: Set own game mode to Survival Mode]
[15:09:32] [User Authenticator #2/INFO]: UUID of player SanderZeta is c9e13f7a-5e3c-33e8-b105-dd42619b5663
[15:09:33] [Server thread/INFO]: SanderZeta joined the game
[15:09:33] [Server thread/INFO]: SanderZeta[/127.251.247.108:44449] logged in with entity id 933 at ([world]-2061.5, 72.0, 1708.5)
[15:10:08] [Server thread/INFO]: [LifeStealZ] Player SanderZeta died!
[15:10:08] [Server thread/INFO]: SanderZeta was shot by Pillager
[15:10:09] [Server thread/INFO]: SoySander issued server command: /tp SanderZeta SoySander
[15:10:09] [Server thread/INFO]: [SoySander: Teleported SanderZeta to SoySander]
[15:10:54] [Server thread/INFO]: SanderZeta lost connection: Disconnected
[15:10:54] [Server thread/INFO]: [LifeStealZ] Player SanderZeta died!
[15:10:54] [Server thread/INFO]: [LifeStealZ] [ALT WARNING] Player SoySander tried to kill SanderZeta with the same IP address! (Probably an alt account)
[15:10:54] [Server thread/INFO]: SanderZeta was slain by SoySander
[15:10:54] [Server thread/INFO]: SanderZeta left the game
[15:10:59] [User Authenticator #3/INFO]: UUID of player SanderZeta is c9e13f7a-5e3c-33e8-b105-dd42619b5663
[15:10:59] [Server thread/INFO]: SanderZeta joined the game
[15:10:59] [Server thread/INFO]: SanderZeta[/127.87.61.29:52937] logged in with entity id 1125 at ([world]-2035.6768657845705, 63.5, 1622.015093922243)
[15:11:09] [Server thread/INFO]: SoySander issued server command: /tp SanderZeta SoySander
[15:11:09] [Server thread/INFO]: [SoySander: Teleported SanderZeta to SoySander]
[15:12:11] [Server thread/INFO]: [LifeStealZ] Player SoySander died!
[15:12:11] [Server thread/INFO]: SoySander was slain by SanderZeta
[15:12:22] [Server thread/INFO]: SoySander issued server command: /tp SanderZeta
[15:12:22] [Server thread/INFO]: [SoySander: Teleported SoySander to SanderZeta]
